<?xml version="1.0" encoding="UTF-8"?>
<!-- Generated by org.testng.reporters.JUnitReportReporter -->
<testsuite hostname="san-PC" name="testcases.LoginPageTest" tests="1" failures="0" timestamp="1 Jun 2020 17:38:28 GMT" time="12.115" errors="0">
  <testcase name="doLoginTest" time="12.115" classname="testcases.LoginPageTest"/>
</testsuite> <!-- testcases.LoginPageTest -->
